This file contains any messages produced by compilers while
running configure, to aid debugging if configure makes a mistake.

It was created by techtalk-pse configure 1.1.0, which was
generated by GNU Autoconf 2.68.  Invocation command line was

  $ ./configure 

## --------- ##
## Platform. ##
## --------- ##

hostname = yulu
uname -m = i686
uname -r = 3.2.0-36-generic-pae
uname -s = Linux
uname -v = #57-Ubuntu SMP Tue Jan 8 22:01:06 UTC 2013

/usr/bin/uname -p = unknown
/bin/uname -X     = unknown

/bin/arch              = unknown
/usr/bin/arch -k       = unknown
/usr/convex/getsysinfo = unknown
/usr/bin/hostinfo      = unknown
/bin/machine           = unknown
/usr/bin/oslevel       = unknown
/bin/universe          = unknown

PATH: /home/ceeda/gitwk/techtalk-pse/cpan-5.14.2/bin
PATH: /home/ceeda/bin
PATH: /usr/local/sbin
PATH: /usr/local/bin
PATH: /usr/sbin
PATH: /usr/bin
PATH: /sbin
PATH: /bin
PATH: /usr/games


## ----------- ##
## Core tests. ##
## ----------- ##

configure:1721: checking for a BSD-compatible install
configure:1789: result: /usr/bin/install -c
configure:1800: checking whether build environment is sane
configure:1850: result: yes
configure:1991: checking for a thread-safe mkdir -p
configure:2030: result: /bin/mkdir -p
configure:2043: checking for gawk
configure:2073: result: no
configure:2043: checking for mawk
configure:2059: found /usr/bin/mawk
configure:2070: result: mawk
configure:2081: checking whether make sets $(MAKE)
configure:2103: result: yes
configure:2186: checking for pod2man
configure:2202: found /usr/bin/pod2man
configure:2214: result: pod2man
configure:2226: checking for pod2text
configure:2242: found /usr/bin/pod2text
configure:2254: result: pod2text
configure:2267: checking for Pod::Usage
configure:2274: result: yes
configure:2267: checking for Getopt::Long
configure:2274: result: yes
configure:2267: checking for Glib
configure:2274: result: yes
configure:2267: checking for Gtk2
configure:2274: result: yes
configure:2267: checking for Gtk2::Gdk::Keysyms
configure:2274: result: yes
configure:2267: checking for Gtk2::WebKit
configure:2274: result: yes
configure:2267: checking for Gnome2::Vte
configure:2274: result: yes
configure:2440: creating ./config.status

## ---------------------- ##
## Running config.status. ##
## ---------------------- ##

This file was extended by techtalk-pse config.status 1.1.0, which was
generated by GNU Autoconf 2.68.  Invocation command line was

  CONFIG_FILES    = 
  CONFIG_HEADERS  = 
  CONFIG_LINKS    = 
  CONFIG_COMMANDS = 
  $ ./config.status 

on yulu

config.status:753: creating techtalk-pse
config.status:753: creating Makefile

## ---------------- ##
## Cache variables. ##
## ---------------- ##

ac_cv_env_build_alias_set=
ac_cv_env_build_alias_value=
ac_cv_env_host_alias_set=
ac_cv_env_host_alias_value=
ac_cv_env_target_alias_set=
ac_cv_env_target_alias_value=
ac_cv_path_install='/usr/bin/install -c'
ac_cv_path_mkdir=/bin/mkdir
ac_cv_prog_AWK=mawk
ac_cv_prog_POD2MAN=pod2man
ac_cv_prog_POD2TEXT=pod2text
ac_cv_prog_make_make_set=yes

## ----------------- ##
## Output variables. ##
## ----------------- ##

ACLOCAL='${SHELL} /home/ceeda/gitwk/techtalk-pse/missing --run aclocal-1.11'
AMTAR='$${TAR-tar}'
AUTOCONF='${SHELL} /home/ceeda/gitwk/techtalk-pse/missing --run autoconf'
AUTOHEADER='${SHELL} /home/ceeda/gitwk/techtalk-pse/missing --run autoheader'
AUTOMAKE='${SHELL} /home/ceeda/gitwk/techtalk-pse/missing --run automake-1.11'
AWK='mawk'
CYGPATH_W='echo'
DEFS='-DPACKAGE_NAME=\"techtalk-pse\" -DPACKAGE_TARNAME=\"techtalk-pse\" -DPACKAGE_VERSION=\"1.1.0\" -DPACKAGE_STRING=\"techtalk-pse\ 1.1.0\" -DPACKAGE_BUGREPORT=\"\" -DPACKAGE_URL=\"\" -DPACKAGE=\"techtalk-pse\" -DVERSION=\"1.1.0\"'
ECHO_C=''
ECHO_N='-n'
ECHO_T=''
INSTALL_DATA='${INSTALL} -m 644'
INSTALL_PROGRAM='${INSTALL}'
INSTALL_SCRIPT='${INSTALL}'
INSTALL_STRIP_PROGRAM='$(install_sh) -c -s'
LIBOBJS=''
LIBS=''
LTLIBOBJS=''
MAKEINFO='${SHELL} /home/ceeda/gitwk/techtalk-pse/missing --run makeinfo'
MKDIR_P='/bin/mkdir -p'
PACKAGE='techtalk-pse'
PACKAGE_BUGREPORT=''
PACKAGE_NAME='techtalk-pse'
PACKAGE_STRING='techtalk-pse 1.1.0'
PACKAGE_TARNAME='techtalk-pse'
PACKAGE_URL=''
PACKAGE_VERSION='1.1.0'
PATH_SEPARATOR=':'
POD2MAN='pod2man'
POD2TEXT='pod2text'
SET_MAKE=''
SHELL='/bin/bash'
STRIP=''
VERSION='1.1.0'
am__isrc=''
am__leading_dot='.'
am__tar='$${TAR-tar} chof - "$$tardir"'
am__untar='$${TAR-tar} xf -'
bindir='${exec_prefix}/bin'
build_alias=''
datadir='${datarootdir}'
datarootdir='${prefix}/share'
docdir='${datarootdir}/doc/${PACKAGE_TARNAME}'
dvidir='${docdir}'
exec_prefix='${prefix}'
host_alias=''
htmldir='${docdir}'
includedir='${prefix}/include'
infodir='${datarootdir}/info'
install_sh='${SHELL} /home/ceeda/gitwk/techtalk-pse/install-sh'
libdir='${exec_prefix}/lib'
libexecdir='${exec_prefix}/libexec'
localedir='${datarootdir}/locale'
localstatedir='${prefix}/var'
mandir='${datarootdir}/man'
mkdir_p='/bin/mkdir -p'
oldincludedir='/usr/include'
pdfdir='${docdir}'
prefix='/usr/local'
program_transform_name='s,x,x,'
psdir='${docdir}'
sbindir='${exec_prefix}/sbin'
sharedstatedir='${prefix}/com'
sysconfdir='${prefix}/etc'
target_alias=''

## ----------- ##
## confdefs.h. ##
## ----------- ##

/* confdefs.h */
#define PACKAGE_NAME "techtalk-pse"
#define PACKAGE_TARNAME "techtalk-pse"
#define PACKAGE_VERSION "1.1.0"
#define PACKAGE_STRING "techtalk-pse 1.1.0"
#define PACKAGE_BUGREPORT ""
#define PACKAGE_URL ""
#define PACKAGE "techtalk-pse"
#define VERSION "1.1.0"

configure: exit 0
